[2025-03-20T12:22:14.541+0000] {taskinstance.py:1157} INFO - Dependencies all met for dep_context=non-requeueable deps ti=<TaskInstance: my_dag.custom_spark manual__2025-03-20T12:22:12.984747+00:00 [queued]>
[2025-03-20T12:22:14.565+0000] {taskinstance.py:1157} INFO - Dependencies all met for dep_context=requeueable deps ti=<TaskInstance: my_dag.custom_spark manual__2025-03-20T12:22:12.984747+00:00 [queued]>
[2025-03-20T12:22:14.566+0000] {taskinstance.py:1359} INFO - Starting attempt 1 of 2
[2025-03-20T12:22:14.593+0000] {taskinstance.py:1380} INFO - Executing <Task(SparkSubmitOperator): custom_spark> on 2025-03-20 12:22:12.984747+00:00
[2025-03-20T12:22:14.600+0000] {standard_task_runner.py:57} INFO - Started process 2957 to run task
[2025-03-20T12:22:14.603+0000] {standard_task_runner.py:84} INFO - Running: ['***', 'tasks', 'run', 'my_dag', 'custom_spark', 'manual__2025-03-20T12:22:12.984747+00:00', '--job-id', '54', '--raw', '--subdir', 'DAGS_FOLDER/custom_dag.py', '--cfg-path', '/tmp/tmp4np17b6g']
[2025-03-20T12:22:14.607+0000] {standard_task_runner.py:85} INFO - Job 54: Subtask custom_spark
[2025-03-20T12:22:14.687+0000] {task_command.py:415} INFO - Running <TaskInstance: my_dag.custom_spark manual__2025-03-20T12:22:12.984747+00:00 [running]> on host 0707445b3961
[2025-03-20T12:22:14.836+0000] {taskinstance.py:1660} INFO - Exporting env vars: AIRFLOW_CTX_DAG_OWNER='***' AIRFLOW_CTX_DAG_ID='my_dag' AIRFLOW_CTX_TASK_ID='custom_spark' AIRFLOW_CTX_EXECUTION_DATE='2025-03-20T12:22:12.984747+00:00' AIRFLOW_CTX_TRY_NUMBER='1' AIRFLOW_CTX_DAG_RUN_ID='manual__2025-03-20T12:22:12.984747+00:00'
[2025-03-20T12:22:14.860+0000] {base.py:73} INFO - Using connection ID 'spark_local' for task execution.
[2025-03-20T12:22:14.863+0000] {spark_submit.py:364} INFO - Spark-Submit cmd: spark-submit --master spark://spark-master:7077 --files /opt/***/inputs/Bible.txt --name custom_spark --verbose /opt/***/spark/custom_spark.py
[2025-03-20T12:22:16.679+0000] {spark_submit.py:526} INFO - Using properties file: null
[2025-03-20T12:22:16.782+0000] {spark_submit.py:526} INFO - Parsed arguments:
[2025-03-20T12:22:16.783+0000] {spark_submit.py:526} INFO - master                  spark://spark-master:7077
[2025-03-20T12:22:16.785+0000] {spark_submit.py:526} INFO - remote                  null
[2025-03-20T12:22:16.785+0000] {spark_submit.py:526} INFO - deployMode              null
[2025-03-20T12:22:16.786+0000] {spark_submit.py:526} INFO - executorMemory          null
[2025-03-20T12:22:16.787+0000] {spark_submit.py:526} INFO - executorCores           null
[2025-03-20T12:22:16.788+0000] {spark_submit.py:526} INFO - totalExecutorCores      null
[2025-03-20T12:22:16.789+0000] {spark_submit.py:526} INFO - propertiesFile          null
[2025-03-20T12:22:16.790+0000] {spark_submit.py:526} INFO - driverMemory            null
[2025-03-20T12:22:16.791+0000] {spark_submit.py:526} INFO - driverCores             null
[2025-03-20T12:22:16.791+0000] {spark_submit.py:526} INFO - driverExtraClassPath    null
[2025-03-20T12:22:16.792+0000] {spark_submit.py:526} INFO - driverExtraLibraryPath  null
[2025-03-20T12:22:16.793+0000] {spark_submit.py:526} INFO - driverExtraJavaOptions  null
[2025-03-20T12:22:16.794+0000] {spark_submit.py:526} INFO - supervise               false
[2025-03-20T12:22:16.794+0000] {spark_submit.py:526} INFO - queue                   null
[2025-03-20T12:22:16.794+0000] {spark_submit.py:526} INFO - numExecutors            null
[2025-03-20T12:22:16.795+0000] {spark_submit.py:526} INFO - files                   file:/opt/***/inputs/Bible.txt
[2025-03-20T12:22:16.796+0000] {spark_submit.py:526} INFO - pyFiles                 null
[2025-03-20T12:22:16.796+0000] {spark_submit.py:526} INFO - archives                null
[2025-03-20T12:22:16.797+0000] {spark_submit.py:526} INFO - mainClass               null
[2025-03-20T12:22:16.798+0000] {spark_submit.py:526} INFO - primaryResource         file:/opt/***/spark/custom_spark.py
[2025-03-20T12:22:16.798+0000] {spark_submit.py:526} INFO - name                    custom_spark
[2025-03-20T12:22:16.799+0000] {spark_submit.py:526} INFO - childArgs               []
[2025-03-20T12:22:16.800+0000] {spark_submit.py:526} INFO - jars                    null
[2025-03-20T12:22:16.800+0000] {spark_submit.py:526} INFO - packages                null
[2025-03-20T12:22:16.801+0000] {spark_submit.py:526} INFO - packagesExclusions      null
[2025-03-20T12:22:16.801+0000] {spark_submit.py:526} INFO - repositories            null
[2025-03-20T12:22:16.802+0000] {spark_submit.py:526} INFO - verbose                 true
[2025-03-20T12:22:16.802+0000] {spark_submit.py:526} INFO - 
[2025-03-20T12:22:16.803+0000] {spark_submit.py:526} INFO - Spark properties used, including those specified through
[2025-03-20T12:22:16.803+0000] {spark_submit.py:526} INFO - --conf and those from the properties file null:
[2025-03-20T12:22:16.804+0000] {spark_submit.py:526} INFO - 
[2025-03-20T12:22:16.805+0000] {spark_submit.py:526} INFO - 
[2025-03-20T12:22:16.805+0000] {spark_submit.py:526} INFO - 
[2025-03-20T12:22:17.074+0000] {spark_submit.py:526} INFO - 25/03/20 12:22:17 WARN NativeCodeLoader: Unable to load native-hadoop library for your platform... using builtin-java classes where applicable
[2025-03-20T12:22:17.230+0000] {spark_submit.py:526} INFO - Main class:
[2025-03-20T12:22:17.231+0000] {spark_submit.py:526} INFO - org.apache.spark.deploy.PythonRunner
[2025-03-20T12:22:17.232+0000] {spark_submit.py:526} INFO - Arguments:
[2025-03-20T12:22:17.233+0000] {spark_submit.py:526} INFO - file:/opt/***/spark/custom_spark.py
[2025-03-20T12:22:17.234+0000] {spark_submit.py:526} INFO - null
[2025-03-20T12:22:17.234+0000] {spark_submit.py:526} INFO - Spark config:
[2025-03-20T12:22:17.235+0000] {spark_submit.py:526} INFO - (spark.app.name,custom_spark)
[2025-03-20T12:22:17.236+0000] {spark_submit.py:526} INFO - (spark.app.submitTime,1742473337212)
[2025-03-20T12:22:17.236+0000] {spark_submit.py:526} INFO - (spark.files,file:///opt/***/inputs/Bible.txt)
[2025-03-20T12:22:17.237+0000] {spark_submit.py:526} INFO - (spark.master,spark://spark-master:7077)
[2025-03-20T12:22:17.238+0000] {spark_submit.py:526} INFO - (spark.submit.deployMode,client)
[2025-03-20T12:22:17.238+0000] {spark_submit.py:526} INFO - (spark.submit.pyFiles,)
[2025-03-20T12:22:17.239+0000] {spark_submit.py:526} INFO - Classpath elements:
[2025-03-20T12:22:17.240+0000] {spark_submit.py:526} INFO - 
[2025-03-20T12:22:17.241+0000] {spark_submit.py:526} INFO - 
[2025-03-20T12:22:17.242+0000] {spark_submit.py:526} INFO - 
[2025-03-20T12:22:18.466+0000] {spark_submit.py:526} INFO - 25/03/20 12:22:18 INFO SparkContext: Running Spark version 3.5.5
[2025-03-20T12:22:18.468+0000] {spark_submit.py:526} INFO - 25/03/20 12:22:18 INFO SparkContext: OS info Linux, 5.15.167.4-microsoft-standard-WSL2, amd64
[2025-03-20T12:22:18.469+0000] {spark_submit.py:526} INFO - 25/03/20 12:22:18 INFO SparkContext: Java version 11.0.26
[2025-03-20T12:22:18.500+0000] {spark_submit.py:526} INFO - 25/03/20 12:22:18 INFO ResourceUtils: ==============================================================
[2025-03-20T12:22:18.500+0000] {spark_submit.py:526} INFO - 25/03/20 12:22:18 INFO ResourceUtils: No custom resources configured for spark.driver.
[2025-03-20T12:22:18.501+0000] {spark_submit.py:526} INFO - 25/03/20 12:22:18 INFO ResourceUtils: ==============================================================
[2025-03-20T12:22:18.502+0000] {spark_submit.py:526} INFO - 25/03/20 12:22:18 INFO SparkContext: Submitted application: Custom spark
[2025-03-20T12:22:18.526+0000] {spark_submit.py:526} INFO - 25/03/20 12:22:18 INFO ResourceProfile: Default ResourceProfile created, executor resources: Map(memory -> name: memory, amount: 1024, script: , vendor: , offHeap -> name: offHeap, amount: 0, script: , vendor: ), task resources: Map(cpus -> name: cpus, amount: 1.0)
[2025-03-20T12:22:18.539+0000] {spark_submit.py:526} INFO - 25/03/20 12:22:18 INFO ResourceProfile: Limiting resource is cpu
[2025-03-20T12:22:18.540+0000] {spark_submit.py:526} INFO - 25/03/20 12:22:18 INFO ResourceProfileManager: Added ResourceProfile id: 0
[2025-03-20T12:22:18.594+0000] {spark_submit.py:526} INFO - 25/03/20 12:22:18 INFO SecurityManager: Changing view acls to: ***
[2025-03-20T12:22:18.595+0000] {spark_submit.py:526} INFO - 25/03/20 12:22:18 INFO SecurityManager: Changing modify acls to: ***
[2025-03-20T12:22:18.596+0000] {spark_submit.py:526} INFO - 25/03/20 12:22:18 INFO SecurityManager: Changing view acls groups to:
[2025-03-20T12:22:18.597+0000] {spark_submit.py:526} INFO - 25/03/20 12:22:18 INFO SecurityManager: Changing modify acls groups to:
[2025-03-20T12:22:18.598+0000] {spark_submit.py:526} INFO - 25/03/20 12:22:18 INFO SecurityManager: SecurityManager: authentication disabled; ui acls disabled; users with view permissions: ***; groups with view permissions: EMPTY; users with modify permissions: ***; groups with modify permissions: EMPTY
[2025-03-20T12:22:18.845+0000] {spark_submit.py:526} INFO - 25/03/20 12:22:18 INFO Utils: Successfully started service 'sparkDriver' on port 35341.
[2025-03-20T12:22:18.877+0000] {spark_submit.py:526} INFO - 25/03/20 12:22:18 INFO SparkEnv: Registering MapOutputTracker
[2025-03-20T12:22:18.910+0000] {spark_submit.py:526} INFO - 25/03/20 12:22:18 INFO SparkEnv: Registering BlockManagerMaster
[2025-03-20T12:22:18.926+0000] {spark_submit.py:526} INFO - 25/03/20 12:22:18 INFO BlockManagerMasterEndpoint: Using org.apache.spark.storage.DefaultTopologyMapper for getting topology information
[2025-03-20T12:22:18.927+0000] {spark_submit.py:526} INFO - 25/03/20 12:22:18 INFO BlockManagerMasterEndpoint: BlockManagerMasterEndpoint up
[2025-03-20T12:22:18.931+0000] {spark_submit.py:526} INFO - 25/03/20 12:22:18 INFO SparkEnv: Registering BlockManagerMasterHeartbeat
[2025-03-20T12:22:18.952+0000] {spark_submit.py:526} INFO - 25/03/20 12:22:18 INFO DiskBlockManager: Created local directory at /tmp/blockmgr-8278236d-bddb-4ad5-8c0d-9294e164968d
[2025-03-20T12:22:18.964+0000] {spark_submit.py:526} INFO - 25/03/20 12:22:18 INFO MemoryStore: MemoryStore started with capacity 434.4 MiB
[2025-03-20T12:22:18.978+0000] {spark_submit.py:526} INFO - 25/03/20 12:22:18 INFO SparkEnv: Registering OutputCommitCoordinator
[2025-03-20T12:22:19.112+0000] {spark_submit.py:526} INFO - 25/03/20 12:22:19 INFO JettyUtils: Start Jetty 0.0.0.0:4040 for SparkUI
[2025-03-20T12:22:19.189+0000] {spark_submit.py:526} INFO - 25/03/20 12:22:19 INFO Utils: Successfully started service 'SparkUI' on port 4040.
[2025-03-20T12:22:19.243+0000] {spark_submit.py:526} INFO - 25/03/20 12:22:19 INFO SparkContext: Added file file:///opt/***/inputs/Bible.txt at spark://0707445b3961:35341/files/Bible.txt with timestamp 1742473338455
[2025-03-20T12:22:19.244+0000] {spark_submit.py:526} INFO - 25/03/20 12:22:19 INFO Utils: Copying /opt/***/inputs/Bible.txt to /tmp/spark-ac67be02-b254-4f27-b422-4ac646a53aa1/userFiles-a4bc30bc-98dc-4381-8132-ea3969246ee0/Bible.txt
[2025-03-20T12:22:19.344+0000] {spark_submit.py:526} INFO - 25/03/20 12:22:19 INFO StandaloneAppClient$ClientEndpoint: Connecting to master spark://spark-master:7077...
[2025-03-20T12:22:19.391+0000] {spark_submit.py:526} INFO - 25/03/20 12:22:19 INFO TransportClientFactory: Successfully created connection to spark-master/172.18.0.5:7077 after 25 ms (0 ms spent in bootstraps)
[2025-03-20T12:22:19.675+0000] {spark_submit.py:526} INFO - 25/03/20 12:22:19 INFO StandaloneSchedulerBackend: Connected to Spark cluster with app ID app-20250320122219-0000
[2025-03-20T12:22:19.703+0000] {spark_submit.py:526} INFO - 25/03/20 12:22:19 INFO Utils: Successfully started service 'org.apache.spark.network.netty.NettyBlockTransferService' on port 40045.
[2025-03-20T12:22:19.705+0000] {spark_submit.py:526} INFO - 25/03/20 12:22:19 INFO NettyBlockTransferService: Server created on 0707445b3961:40045
[2025-03-20T12:22:19.707+0000] {spark_submit.py:526} INFO - 25/03/20 12:22:19 INFO BlockManager: Using org.apache.spark.storage.RandomBlockReplicationPolicy for block replication policy
[2025-03-20T12:22:19.721+0000] {spark_submit.py:526} INFO - 25/03/20 12:22:19 INFO BlockManagerMaster: Registering BlockManager BlockManagerId(driver, 0707445b3961, 40045, None)
[2025-03-20T12:22:19.731+0000] {spark_submit.py:526} INFO - 25/03/20 12:22:19 INFO BlockManagerMasterEndpoint: Registering block manager 0707445b3961:40045 with 434.4 MiB RAM, BlockManagerId(driver, 0707445b3961, 40045, None)
[2025-03-20T12:22:19.738+0000] {spark_submit.py:526} INFO - 25/03/20 12:22:19 INFO BlockManagerMaster: Registered BlockManager BlockManagerId(driver, 0707445b3961, 40045, None)
[2025-03-20T12:22:19.740+0000] {spark_submit.py:526} INFO - 25/03/20 12:22:19 INFO StandaloneAppClient$ClientEndpoint: Executor added: app-20250320122219-0000/0 on worker-20250320122207-172.18.0.6-36389 (172.18.0.6:36389) with 20 core(s)
[2025-03-20T12:22:19.744+0000] {spark_submit.py:526} INFO - 25/03/20 12:22:19 INFO StandaloneSchedulerBackend: Granted executor ID app-20250320122219-0000/0 on hostPort 172.18.0.6:36389 with 20 core(s), 1024.0 MiB RAM
[2025-03-20T12:22:19.746+0000] {spark_submit.py:526} INFO - 25/03/20 12:22:19 INFO BlockManager: Initialized BlockManager: BlockManagerId(driver, 0707445b3961, 40045, None)
[2025-03-20T12:22:19.938+0000] {spark_submit.py:526} INFO - 25/03/20 12:22:19 INFO StandaloneAppClient$ClientEndpoint: Executor updated: app-20250320122219-0000/0 is now RUNNING
[2025-03-20T12:22:20.010+0000] {spark_submit.py:526} INFO - 25/03/20 12:22:20 INFO StandaloneSchedulerBackend: SchedulerBackend is ready for scheduling beginning after reached minRegisteredResourcesRatio: 0.0
[2025-03-20T12:22:20.207+0000] {spark_submit.py:526} INFO - 0
[2025-03-20T12:22:20.647+0000] {spark_submit.py:526} INFO - 25/03/20 12:22:20 INFO MemoryStore: Block broadcast_0 stored as values in memory (estimated size 221.5 KiB, free 434.2 MiB)
[2025-03-20T12:22:20.715+0000] {spark_submit.py:526} INFO - 25/03/20 12:22:20 INFO MemoryStore: Block broadcast_0_piece0 stored as bytes in memory (estimated size 32.6 KiB, free 434.2 MiB)
[2025-03-20T12:22:20.719+0000] {spark_submit.py:526} INFO - 25/03/20 12:22:20 INFO BlockManagerInfo: Added broadcast_0_piece0 in memory on 0707445b3961:40045 (size: 32.6 KiB, free: 434.4 MiB)
[2025-03-20T12:22:20.724+0000] {spark_submit.py:526} INFO - 25/03/20 12:22:20 INFO SparkContext: Created broadcast 0 from textFile at NativeMethodAccessorImpl.java:0
[2025-03-20T12:22:20.831+0000] {spark_submit.py:526} INFO - 3
[2025-03-20T12:22:20.861+0000] {spark_submit.py:526} INFO - 4
[2025-03-20T12:22:20.862+0000] {spark_submit.py:526} INFO - 5
[2025-03-20T12:22:20.919+0000] {spark_submit.py:526} INFO - 25/03/20 12:22:20 INFO FileInputFormat: Total input files to process : 1
[2025-03-20T12:22:21.026+0000] {spark_submit.py:526} INFO - 6
[2025-03-20T12:22:21.087+0000] {spark_submit.py:526} INFO - 25/03/20 12:22:21 INFO SparkContext: Starting job: collect at /opt/***/spark/custom_spark.py:22
[2025-03-20T12:22:21.143+0000] {spark_submit.py:526} INFO - 25/03/20 12:22:21 INFO DAGScheduler: Registering RDD 3 (reduceByKey at /opt/***/spark/custom_spark.py:20) as input to shuffle 0
[2025-03-20T12:22:21.154+0000] {spark_submit.py:526} INFO - 25/03/20 12:22:21 INFO DAGScheduler: Got job 0 (collect at /opt/***/spark/custom_spark.py:22) with 2 output partitions
[2025-03-20T12:22:21.157+0000] {spark_submit.py:526} INFO - 25/03/20 12:22:21 INFO DAGScheduler: Final stage: ResultStage 1 (collect at /opt/***/spark/custom_spark.py:22)
[2025-03-20T12:22:21.158+0000] {spark_submit.py:526} INFO - 25/03/20 12:22:21 INFO DAGScheduler: Parents of final stage: List(ShuffleMapStage 0)
[2025-03-20T12:22:21.163+0000] {spark_submit.py:526} INFO - 25/03/20 12:22:21 INFO DAGScheduler: Missing parents: List(ShuffleMapStage 0)
[2025-03-20T12:22:21.185+0000] {spark_submit.py:526} INFO - 25/03/20 12:22:21 INFO DAGScheduler: Submitting ShuffleMapStage 0 (PairwiseRDD[3] at reduceByKey at /opt/***/spark/custom_spark.py:20), which has no missing parents
[2025-03-20T12:22:21.256+0000] {spark_submit.py:526} INFO - 25/03/20 12:22:21 INFO MemoryStore: Block broadcast_1 stored as values in memory (estimated size 12.8 KiB, free 434.1 MiB)
[2025-03-20T12:22:21.261+0000] {spark_submit.py:526} INFO - 25/03/20 12:22:21 INFO MemoryStore: Block broadcast_1_piece0 stored as bytes in memory (estimated size 7.7 KiB, free 434.1 MiB)
[2025-03-20T12:22:21.263+0000] {spark_submit.py:526} INFO - 25/03/20 12:22:21 INFO BlockManagerInfo: Added broadcast_1_piece0 in memory on 0707445b3961:40045 (size: 7.7 KiB, free: 434.4 MiB)
[2025-03-20T12:22:21.264+0000] {spark_submit.py:526} INFO - 25/03/20 12:22:21 INFO SparkContext: Created broadcast 1 from broadcast at DAGScheduler.scala:1585
[2025-03-20T12:22:21.292+0000] {spark_submit.py:526} INFO - 25/03/20 12:22:21 INFO DAGScheduler: Submitting 2 missing tasks from ShuffleMapStage 0 (PairwiseRDD[3] at reduceByKey at /opt/***/spark/custom_spark.py:20) (first 15 tasks are for partitions Vector(0, 1))
[2025-03-20T12:22:21.294+0000] {spark_submit.py:526} INFO - 25/03/20 12:22:21 INFO TaskSchedulerImpl: Adding task set 0.0 with 2 tasks resource profile 0
[2025-03-20T12:22:23.047+0000] {spark_submit.py:526} INFO - 25/03/20 12:22:23 INFO StandaloneSchedulerBackend$StandaloneDriverEndpoint: Registered executor NettyRpcEndpointRef(spark-client://Executor) (172.18.0.6:55958) with ID 0,  ResourceProfileId 0
[2025-03-20T12:22:23.146+0000] {spark_submit.py:526} INFO - 25/03/20 12:22:23 INFO BlockManagerMasterEndpoint: Registering block manager 172.18.0.6:34381 with 434.4 MiB RAM, BlockManagerId(0, 172.18.0.6, 34381, None)
[2025-03-20T12:22:23.388+0000] {spark_submit.py:526} INFO - 25/03/20 12:22:23 INFO TaskSetManager: Starting task 0.0 in stage 0.0 (TID 0) (172.18.0.6, executor 0, partition 0, PROCESS_LOCAL, 9286 bytes)
[2025-03-20T12:22:23.392+0000] {spark_submit.py:526} INFO - 25/03/20 12:22:23 INFO TaskSetManager: Starting task 1.0 in stage 0.0 (TID 1) (172.18.0.6, executor 0, partition 1, PROCESS_LOCAL, 9286 bytes)
[2025-03-20T12:22:23.717+0000] {spark_submit.py:526} INFO - 25/03/20 12:22:23 INFO BlockManagerInfo: Added broadcast_1_piece0 in memory on 172.18.0.6:34381 (size: 7.7 KiB, free: 434.4 MiB)
[2025-03-20T12:22:24.091+0000] {spark_submit.py:526} INFO - 25/03/20 12:22:24 INFO BlockManagerInfo: Added broadcast_0_piece0 in memory on 172.18.0.6:34381 (size: 32.6 KiB, free: 434.4 MiB)
[2025-03-20T12:22:24.329+0000] {spark_submit.py:526} INFO - 25/03/20 12:22:24 WARN TaskSetManager: Lost task 1.0 in stage 0.0 (TID 1) (172.18.0.6 executor 0): java.io.FileNotFoundException: File file:/tmp/spark-ac67be02-b254-4f27-b422-4ac646a53aa1/userFiles-a4bc30bc-98dc-4381-8132-ea3969246ee0/Bible.txt does not exist
[2025-03-20T12:22:24.330+0000] {spark_submit.py:526} INFO - at org.apache.hadoop.fs.RawLocalFileSystem.deprecatedGetFileStatus(RawLocalFileSystem.java:779)
[2025-03-20T12:22:24.331+0000] {spark_submit.py:526} INFO - at org.apache.hadoop.fs.RawLocalFileSystem.getFileLinkStatusInternal(RawLocalFileSystem.java:1100)
[2025-03-20T12:22:24.331+0000] {spark_submit.py:526} INFO - at org.apache.hadoop.fs.RawLocalFileSystem.getFileStatus(RawLocalFileSystem.java:769)
[2025-03-20T12:22:24.332+0000] {spark_submit.py:526} INFO - at org.apache.hadoop.fs.FilterFileSystem.getFileStatus(FilterFileSystem.java:462)
[2025-03-20T12:22:24.332+0000] {spark_submit.py:526} INFO - at org.apache.hadoop.fs.ChecksumFileSystem$ChecksumFSInputChecker.<init>(ChecksumFileSystem.java:160)
[2025-03-20T12:22:24.333+0000] {spark_submit.py:526} INFO - at org.apache.hadoop.fs.ChecksumFileSystem.open(ChecksumFileSystem.java:372)
[2025-03-20T12:22:24.334+0000] {spark_submit.py:526} INFO - at org.apache.hadoop.fs.ChecksumFileSystem.lambda$openFileWithOptions$0(ChecksumFileSystem.java:896)
[2025-03-20T12:22:24.334+0000] {spark_submit.py:526} INFO - at org.apache.hadoop.util.LambdaUtils.eval(LambdaUtils.java:52)
[2025-03-20T12:22:24.335+0000] {spark_submit.py:526} INFO - at org.apache.hadoop.fs.ChecksumFileSystem.openFileWithOptions(ChecksumFileSystem.java:894)
[2025-03-20T12:22:24.336+0000] {spark_submit.py:526} INFO - at org.apache.hadoop.fs.FileSystem$FSDataInputStreamBuilder.build(FileSystem.java:4768)
[2025-03-20T12:22:24.336+0000] {spark_submit.py:526} INFO - at org.apache.hadoop.mapred.LineRecordReader.<init>(LineRecordReader.java:115)
[2025-03-20T12:22:24.337+0000] {spark_submit.py:526} INFO - at org.apache.hadoop.mapred.TextInputFormat.getRecordReader(TextInputFormat.java:67)
[2025-03-20T12:22:24.338+0000] {spark_submit.py:526} INFO - at org.apache.spark.rdd.HadoopRDD$$anon$1.liftedTree1$1(HadoopRDD.scala:290)
[2025-03-20T12:22:24.339+0000] {spark_submit.py:526} INFO - at org.apache.spark.rdd.HadoopRDD$$anon$1.<init>(HadoopRDD.scala:289)
[2025-03-20T12:22:24.339+0000] {spark_submit.py:526} INFO - at org.apache.spark.rdd.HadoopRDD.compute(HadoopRDD.scala:247)
[2025-03-20T12:22:24.340+0000] {spark_submit.py:526} INFO - at org.apache.spark.rdd.HadoopRDD.compute(HadoopRDD.scala:99)
[2025-03-20T12:22:24.341+0000] {spark_submit.py:526} INFO - at org.apache.spark.rdd.RDD.computeOrReadCheckpoint(RDD.scala:367)
[2025-03-20T12:22:24.342+0000] {spark_submit.py:526} INFO - at org.apache.spark.rdd.RDD.iterator(RDD.scala:331)
[2025-03-20T12:22:24.342+0000] {spark_submit.py:526} INFO - at org.apache.spark.rdd.MapPartitionsRDD.compute(MapPartitionsRDD.scala:52)
[2025-03-20T12:22:24.343+0000] {spark_submit.py:526} INFO - at org.apache.spark.rdd.RDD.computeOrReadCheckpoint(RDD.scala:367)
[2025-03-20T12:22:24.343+0000] {spark_submit.py:526} INFO - at org.apache.spark.rdd.RDD.iterator(RDD.scala:331)
[2025-03-20T12:22:24.344+0000] {spark_submit.py:526} INFO - at org.apache.spark.api.python.PythonRDD.compute(PythonRDD.scala:67)
[2025-03-20T12:22:24.344+0000] {spark_submit.py:526} INFO - at org.apache.spark.rdd.RDD.computeOrReadCheckpoint(RDD.scala:367)
[2025-03-20T12:22:24.345+0000] {spark_submit.py:526} INFO - at org.apache.spark.rdd.RDD.iterator(RDD.scala:331)
[2025-03-20T12:22:24.345+0000] {spark_submit.py:526} INFO - at org.apache.spark.api.python.PairwiseRDD.compute(PythonRDD.scala:130)
[2025-03-20T12:22:24.346+0000] {spark_submit.py:526} INFO - at org.apache.spark.rdd.RDD.computeOrReadCheckpoint(RDD.scala:367)
[2025-03-20T12:22:24.346+0000] {spark_submit.py:526} INFO - at org.apache.spark.rdd.RDD.iterator(RDD.scala:331)
[2025-03-20T12:22:24.347+0000] {spark_submit.py:526} INFO - at org.apache.spark.shuffle.ShuffleWriteProcessor.write(ShuffleWriteProcessor.scala:59)
[2025-03-20T12:22:24.347+0000] {spark_submit.py:526} INFO - at org.apache.spark.scheduler.ShuffleMapTask.runTask(ShuffleMapTask.scala:104)
[2025-03-20T12:22:24.348+0000] {spark_submit.py:526} INFO - at org.apache.spark.scheduler.ShuffleMapTask.runTask(ShuffleMapTask.scala:54)
[2025-03-20T12:22:24.348+0000] {spark_submit.py:526} INFO - at org.apache.spark.TaskContext.runTaskWithListeners(TaskContext.scala:166)
[2025-03-20T12:22:24.349+0000] {spark_submit.py:526} INFO - at org.apache.spark.scheduler.Task.run(Task.scala:141)
[2025-03-20T12:22:24.349+0000] {spark_submit.py:526} INFO - at org.apache.spark.executor.Executor$TaskRunner.$anonfun$run$4(Executor.scala:620)
[2025-03-20T12:22:24.350+0000] {spark_submit.py:526} INFO - at org.apache.spark.util.SparkErrorUtils.tryWithSafeFinally(SparkErrorUtils.scala:64)
[2025-03-20T12:22:24.350+0000] {spark_submit.py:526} INFO - at org.apache.spark.util.SparkErrorUtils.tryWithSafeFinally$(SparkErrorUtils.scala:61)
[2025-03-20T12:22:24.350+0000] {spark_submit.py:526} INFO - at org.apache.spark.util.Utils$.tryWithSafeFinally(Utils.scala:94)
[2025-03-20T12:22:24.351+0000] {spark_submit.py:526} INFO - at org.apache.spark.executor.Executor$TaskRunner.run(Executor.scala:623)
[2025-03-20T12:22:24.352+0000] {spark_submit.py:526} INFO - at java.base/java.util.concurrent.ThreadPoolExecutor.runWorker(Unknown Source)
[2025-03-20T12:22:24.353+0000] {spark_submit.py:526} INFO - at java.base/java.util.concurrent.ThreadPoolExecutor$Worker.run(Unknown Source)
[2025-03-20T12:22:24.353+0000] {spark_submit.py:526} INFO - at java.base/java.lang.Thread.run(Unknown Source)
[2025-03-20T12:22:24.354+0000] {spark_submit.py:526} INFO - 
[2025-03-20T12:22:24.354+0000] {spark_submit.py:526} INFO - 25/03/20 12:22:24 INFO TaskSetManager: Lost task 0.0 in stage 0.0 (TID 0) on 172.18.0.6, executor 0: java.io.FileNotFoundException (File file:/tmp/spark-ac67be02-b254-4f27-b422-4ac646a53aa1/userFiles-a4bc30bc-98dc-4381-8132-ea3969246ee0/Bible.txt does not exist) [duplicate 1]
[2025-03-20T12:22:24.355+0000] {spark_submit.py:526} INFO - 25/03/20 12:22:24 INFO TaskSetManager: Starting task 0.1 in stage 0.0 (TID 2) (172.18.0.6, executor 0, partition 0, PROCESS_LOCAL, 9286 bytes)
[2025-03-20T12:22:24.356+0000] {spark_submit.py:526} INFO - 25/03/20 12:22:24 INFO TaskSetManager: Starting task 1.1 in stage 0.0 (TID 3) (172.18.0.6, executor 0, partition 1, PROCESS_LOCAL, 9286 bytes)
[2025-03-20T12:22:24.395+0000] {spark_submit.py:526} INFO - 25/03/20 12:22:24 INFO TaskSetManager: Lost task 1.1 in stage 0.0 (TID 3) on 172.18.0.6, executor 0: java.io.FileNotFoundException (File file:/tmp/spark-ac67be02-b254-4f27-b422-4ac646a53aa1/userFiles-a4bc30bc-98dc-4381-8132-ea3969246ee0/Bible.txt does not exist) [duplicate 2]
[2025-03-20T12:22:24.397+0000] {spark_submit.py:526} INFO - 25/03/20 12:22:24 INFO TaskSetManager: Starting task 1.2 in stage 0.0 (TID 4) (172.18.0.6, executor 0, partition 1, PROCESS_LOCAL, 9286 bytes)
[2025-03-20T12:22:24.398+0000] {spark_submit.py:526} INFO - 25/03/20 12:22:24 INFO TaskSetManager: Lost task 0.1 in stage 0.0 (TID 2) on 172.18.0.6, executor 0: java.io.FileNotFoundException (File file:/tmp/spark-ac67be02-b254-4f27-b422-4ac646a53aa1/userFiles-a4bc30bc-98dc-4381-8132-ea3969246ee0/Bible.txt does not exist) [duplicate 3]
[2025-03-20T12:22:24.399+0000] {spark_submit.py:526} INFO - 25/03/20 12:22:24 INFO TaskSetManager: Starting task 0.2 in stage 0.0 (TID 5) (172.18.0.6, executor 0, partition 0, PROCESS_LOCAL, 9286 bytes)
[2025-03-20T12:22:24.421+0000] {spark_submit.py:526} INFO - 25/03/20 12:22:24 INFO TaskSetManager: Lost task 1.2 in stage 0.0 (TID 4) on 172.18.0.6, executor 0: java.io.FileNotFoundException (File file:/tmp/spark-ac67be02-b254-4f27-b422-4ac646a53aa1/userFiles-a4bc30bc-98dc-4381-8132-ea3969246ee0/Bible.txt does not exist) [duplicate 4]
[2025-03-20T12:22:24.422+0000] {spark_submit.py:526} INFO - 25/03/20 12:22:24 INFO TaskSetManager: Starting task 1.3 in stage 0.0 (TID 6) (172.18.0.6, executor 0, partition 1, PROCESS_LOCAL, 9286 bytes)
[2025-03-20T12:22:24.423+0000] {spark_submit.py:526} INFO - 25/03/20 12:22:24 INFO TaskSetManager: Lost task 0.2 in stage 0.0 (TID 5) on 172.18.0.6, executor 0: java.io.FileNotFoundException (File file:/tmp/spark-ac67be02-b254-4f27-b422-4ac646a53aa1/userFiles-a4bc30bc-98dc-4381-8132-ea3969246ee0/Bible.txt does not exist) [duplicate 5]
[2025-03-20T12:22:24.424+0000] {spark_submit.py:526} INFO - 25/03/20 12:22:24 INFO TaskSetManager: Starting task 0.3 in stage 0.0 (TID 7) (172.18.0.6, executor 0, partition 0, PROCESS_LOCAL, 9286 bytes)
[2025-03-20T12:22:24.446+0000] {spark_submit.py:526} INFO - 25/03/20 12:22:24 INFO TaskSetManager: Lost task 0.3 in stage 0.0 (TID 7) on 172.18.0.6, executor 0: java.io.FileNotFoundException (File file:/tmp/spark-ac67be02-b254-4f27-b422-4ac646a53aa1/userFiles-a4bc30bc-98dc-4381-8132-ea3969246ee0/Bible.txt does not exist) [duplicate 6]
[2025-03-20T12:22:24.447+0000] {spark_submit.py:526} INFO - 25/03/20 12:22:24 ERROR TaskSetManager: Task 0 in stage 0.0 failed 4 times; aborting job
[2025-03-20T12:22:24.451+0000] {spark_submit.py:526} INFO - 25/03/20 12:22:24 INFO TaskSetManager: Lost task 1.3 in stage 0.0 (TID 6) on 172.18.0.6, executor 0: java.io.FileNotFoundException (File file:/tmp/spark-ac67be02-b254-4f27-b422-4ac646a53aa1/userFiles-a4bc30bc-98dc-4381-8132-ea3969246ee0/Bible.txt does not exist) [duplicate 7]
[2025-03-20T12:22:24.452+0000] {spark_submit.py:526} INFO - 25/03/20 12:22:24 INFO TaskSchedulerImpl: Removed TaskSet 0.0, whose tasks have all completed, from pool
[2025-03-20T12:22:24.452+0000] {spark_submit.py:526} INFO - 25/03/20 12:22:24 INFO TaskSchedulerImpl: Cancelling stage 0
[2025-03-20T12:22:24.453+0000] {spark_submit.py:526} INFO - 25/03/20 12:22:24 INFO TaskSchedulerImpl: Killing all running tasks in stage 0: Stage cancelled: Job aborted due to stage failure: Task 0 in stage 0.0 failed 4 times, most recent failure: Lost task 0.3 in stage 0.0 (TID 7) (172.18.0.6 executor 0): java.io.FileNotFoundException: File file:/tmp/spark-ac67be02-b254-4f27-b422-4ac646a53aa1/userFiles-a4bc30bc-98dc-4381-8132-ea3969246ee0/Bible.txt does not exist
[2025-03-20T12:22:24.453+0000] {spark_submit.py:526} INFO - at org.apache.hadoop.fs.RawLocalFileSystem.deprecatedGetFileStatus(RawLocalFileSystem.java:779)
[2025-03-20T12:22:24.454+0000] {spark_submit.py:526} INFO - at org.apache.hadoop.fs.RawLocalFileSystem.getFileLinkStatusInternal(RawLocalFileSystem.java:1100)
[2025-03-20T12:22:24.454+0000] {spark_submit.py:526} INFO - at org.apache.hadoop.fs.RawLocalFileSystem.getFileStatus(RawLocalFileSystem.java:769)
[2025-03-20T12:22:24.455+0000] {spark_submit.py:526} INFO - at org.apache.hadoop.fs.FilterFileSystem.getFileStatus(FilterFileSystem.java:462)
[2025-03-20T12:22:24.455+0000] {spark_submit.py:526} INFO - at org.apache.hadoop.fs.ChecksumFileSystem$ChecksumFSInputChecker.<init>(ChecksumFileSystem.java:160)
[2025-03-20T12:22:24.456+0000] {spark_submit.py:526} INFO - at org.apache.hadoop.fs.ChecksumFileSystem.open(ChecksumFileSystem.java:372)
[2025-03-20T12:22:24.457+0000] {spark_submit.py:526} INFO - at org.apache.hadoop.fs.ChecksumFileSystem.lambda$openFileWithOptions$0(ChecksumFileSystem.java:896)
[2025-03-20T12:22:24.457+0000] {spark_submit.py:526} INFO - at org.apache.hadoop.util.LambdaUtils.eval(LambdaUtils.java:52)
[2025-03-20T12:22:24.458+0000] {spark_submit.py:526} INFO - at org.apache.hadoop.fs.ChecksumFileSystem.openFileWithOptions(ChecksumFileSystem.java:894)
[2025-03-20T12:22:24.458+0000] {spark_submit.py:526} INFO - at org.apache.hadoop.fs.FileSystem$FSDataInputStreamBuilder.build(FileSystem.java:4768)
[2025-03-20T12:22:24.459+0000] {spark_submit.py:526} INFO - at org.apache.hadoop.mapred.LineRecordReader.<init>(LineRecordReader.java:115)
[2025-03-20T12:22:24.459+0000] {spark_submit.py:526} INFO - at org.apache.hadoop.mapred.TextInputFormat.getRecordReader(TextInputFormat.java:67)
[2025-03-20T12:22:24.460+0000] {spark_submit.py:526} INFO - at org.apache.spark.rdd.HadoopRDD$$anon$1.liftedTree1$1(HadoopRDD.scala:290)
[2025-03-20T12:22:24.461+0000] {spark_submit.py:526} INFO - at org.apache.spark.rdd.HadoopRDD$$anon$1.<init>(HadoopRDD.scala:289)
[2025-03-20T12:22:24.461+0000] {spark_submit.py:526} INFO - at org.apache.spark.rdd.HadoopRDD.compute(HadoopRDD.scala:247)
[2025-03-20T12:22:24.462+0000] {spark_submit.py:526} INFO - at org.apache.spark.rdd.HadoopRDD.compute(HadoopRDD.scala:99)
[2025-03-20T12:22:24.462+0000] {spark_submit.py:526} INFO - at org.apache.spark.rdd.RDD.computeOrReadCheckpoint(RDD.scala:367)
[2025-03-20T12:22:24.463+0000] {spark_submit.py:526} INFO - at org.apache.spark.rdd.RDD.iterator(RDD.scala:331)
[2025-03-20T12:22:24.463+0000] {spark_submit.py:526} INFO - at org.apache.spark.rdd.MapPartitionsRDD.compute(MapPartitionsRDD.scala:52)
[2025-03-20T12:22:24.464+0000] {spark_submit.py:526} INFO - at org.apache.spark.rdd.RDD.computeOrReadCheckpoint(RDD.scala:367)
[2025-03-20T12:22:24.464+0000] {spark_submit.py:526} INFO - at org.apache.spark.rdd.RDD.iterator(RDD.scala:331)
[2025-03-20T12:22:24.465+0000] {spark_submit.py:526} INFO - at org.apache.spark.api.python.PythonRDD.compute(PythonRDD.scala:67)
[2025-03-20T12:22:24.465+0000] {spark_submit.py:526} INFO - at org.apache.spark.rdd.RDD.computeOrReadCheckpoint(RDD.scala:367)
[2025-03-20T12:22:24.466+0000] {spark_submit.py:526} INFO - at org.apache.spark.rdd.RDD.iterator(RDD.scala:331)
[2025-03-20T12:22:24.466+0000] {spark_submit.py:526} INFO - at org.apache.spark.api.python.PairwiseRDD.compute(PythonRDD.scala:130)
[2025-03-20T12:22:24.467+0000] {spark_submit.py:526} INFO - at org.apache.spark.rdd.RDD.computeOrReadCheckpoint(RDD.scala:367)
[2025-03-20T12:22:24.467+0000] {spark_submit.py:526} INFO - at org.apache.spark.rdd.RDD.iterator(RDD.scala:331)
[2025-03-20T12:22:24.468+0000] {spark_submit.py:526} INFO - at org.apache.spark.shuffle.ShuffleWriteProcessor.write(ShuffleWriteProcessor.scala:59)
[2025-03-20T12:22:24.468+0000] {spark_submit.py:526} INFO - at org.apache.spark.scheduler.ShuffleMapTask.runTask(ShuffleMapTask.scala:104)
[2025-03-20T12:22:24.469+0000] {spark_submit.py:526} INFO - at org.apache.spark.scheduler.ShuffleMapTask.runTask(ShuffleMapTask.scala:54)
[2025-03-20T12:22:24.469+0000] {spark_submit.py:526} INFO - at org.apache.spark.TaskContext.runTaskWithListeners(TaskContext.scala:166)
[2025-03-20T12:22:24.470+0000] {spark_submit.py:526} INFO - at org.apache.spark.scheduler.Task.run(Task.scala:141)
[2025-03-20T12:22:24.470+0000] {spark_submit.py:526} INFO - at org.apache.spark.executor.Executor$TaskRunner.$anonfun$run$4(Executor.scala:620)
[2025-03-20T12:22:24.471+0000] {spark_submit.py:526} INFO - at org.apache.spark.util.SparkErrorUtils.tryWithSafeFinally(SparkErrorUtils.scala:64)
[2025-03-20T12:22:24.471+0000] {spark_submit.py:526} INFO - at org.apache.spark.util.SparkErrorUtils.tryWithSafeFinally$(SparkErrorUtils.scala:61)
[2025-03-20T12:22:24.472+0000] {spark_submit.py:526} INFO - at org.apache.spark.util.Utils$.tryWithSafeFinally(Utils.scala:94)
[2025-03-20T12:22:24.472+0000] {spark_submit.py:526} INFO - at org.apache.spark.executor.Executor$TaskRunner.run(Executor.scala:623)
[2025-03-20T12:22:24.473+0000] {spark_submit.py:526} INFO - at java.base/java.util.concurrent.ThreadPoolExecutor.runWorker(Unknown Source)
[2025-03-20T12:22:24.473+0000] {spark_submit.py:526} INFO - at java.base/java.util.concurrent.ThreadPoolExecutor$Worker.run(Unknown Source)
[2025-03-20T12:22:24.473+0000] {spark_submit.py:526} INFO - at java.base/java.lang.Thread.run(Unknown Source)
[2025-03-20T12:22:24.474+0000] {spark_submit.py:526} INFO - 
[2025-03-20T12:22:24.475+0000] {spark_submit.py:526} INFO - Driver stacktrace:
[2025-03-20T12:22:24.475+0000] {spark_submit.py:526} INFO - 25/03/20 12:22:24 INFO DAGScheduler: ShuffleMapStage 0 (reduceByKey at /opt/***/spark/custom_spark.py:20) failed in 3.231 s due to Job aborted due to stage failure: Task 0 in stage 0.0 failed 4 times, most recent failure: Lost task 0.3 in stage 0.0 (TID 7) (172.18.0.6 executor 0): java.io.FileNotFoundException: File file:/tmp/spark-ac67be02-b254-4f27-b422-4ac646a53aa1/userFiles-a4bc30bc-98dc-4381-8132-ea3969246ee0/Bible.txt does not exist
[2025-03-20T12:22:24.476+0000] {spark_submit.py:526} INFO - at org.apache.hadoop.fs.RawLocalFileSystem.deprecatedGetFileStatus(RawLocalFileSystem.java:779)
[2025-03-20T12:22:24.477+0000] {spark_submit.py:526} INFO - at org.apache.hadoop.fs.RawLocalFileSystem.getFileLinkStatusInternal(RawLocalFileSystem.java:1100)
[2025-03-20T12:22:24.477+0000] {spark_submit.py:526} INFO - at org.apache.hadoop.fs.RawLocalFileSystem.getFileStatus(RawLocalFileSystem.java:769)
[2025-03-20T12:22:24.478+0000] {spark_submit.py:526} INFO - at org.apache.hadoop.fs.FilterFileSystem.getFileStatus(FilterFileSystem.java:462)
[2025-03-20T12:22:24.478+0000] {spark_submit.py:526} INFO - at org.apache.hadoop.fs.ChecksumFileSystem$ChecksumFSInputChecker.<init>(ChecksumFileSystem.java:160)
[2025-03-20T12:22:24.479+0000] {spark_submit.py:526} INFO - at org.apache.hadoop.fs.ChecksumFileSystem.open(ChecksumFileSystem.java:372)
[2025-03-20T12:22:24.479+0000] {spark_submit.py:526} INFO - at org.apache.hadoop.fs.ChecksumFileSystem.lambda$openFileWithOptions$0(ChecksumFileSystem.java:896)
[2025-03-20T12:22:24.480+0000] {spark_submit.py:526} INFO - at org.apache.hadoop.util.LambdaUtils.eval(LambdaUtils.java:52)
[2025-03-20T12:22:24.480+0000] {spark_submit.py:526} INFO - at org.apache.hadoop.fs.ChecksumFileSystem.openFileWithOptions(ChecksumFileSystem.java:894)
[2025-03-20T12:22:24.481+0000] {spark_submit.py:526} INFO - at org.apache.hadoop.fs.FileSystem$FSDataInputStreamBuilder.build(FileSystem.java:4768)
[2025-03-20T12:22:24.482+0000] {spark_submit.py:526} INFO - at org.apache.hadoop.mapred.LineRecordReader.<init>(LineRecordReader.java:115)
[2025-03-20T12:22:24.482+0000] {spark_submit.py:526} INFO - at org.apache.hadoop.mapred.TextInputFormat.getRecordReader(TextInputFormat.java:67)
[2025-03-20T12:22:24.483+0000] {spark_submit.py:526} INFO - at org.apache.spark.rdd.HadoopRDD$$anon$1.liftedTree1$1(HadoopRDD.scala:290)
[2025-03-20T12:22:24.483+0000] {spark_submit.py:526} INFO - at org.apache.spark.rdd.HadoopRDD$$anon$1.<init>(HadoopRDD.scala:289)
[2025-03-20T12:22:24.484+0000] {spark_submit.py:526} INFO - at org.apache.spark.rdd.HadoopRDD.compute(HadoopRDD.scala:247)
[2025-03-20T12:22:24.484+0000] {spark_submit.py:526} INFO - at org.apache.spark.rdd.HadoopRDD.compute(HadoopRDD.scala:99)
[2025-03-20T12:22:24.485+0000] {spark_submit.py:526} INFO - at org.apache.spark.rdd.RDD.computeOrReadCheckpoint(RDD.scala:367)
[2025-03-20T12:22:24.485+0000] {spark_submit.py:526} INFO - at org.apache.spark.rdd.RDD.iterator(RDD.scala:331)
[2025-03-20T12:22:24.486+0000] {spark_submit.py:526} INFO - at org.apache.spark.rdd.MapPartitionsRDD.compute(MapPartitionsRDD.scala:52)
[2025-03-20T12:22:24.486+0000] {spark_submit.py:526} INFO - at org.apache.spark.rdd.RDD.computeOrReadCheckpoint(RDD.scala:367)
[2025-03-20T12:22:24.487+0000] {spark_submit.py:526} INFO - at org.apache.spark.rdd.RDD.iterator(RDD.scala:331)
[2025-03-20T12:22:24.487+0000] {spark_submit.py:526} INFO - at org.apache.spark.api.python.PythonRDD.compute(PythonRDD.scala:67)
[2025-03-20T12:22:24.488+0000] {spark_submit.py:526} INFO - at org.apache.spark.rdd.RDD.computeOrReadCheckpoint(RDD.scala:367)
[2025-03-20T12:22:24.488+0000] {spark_submit.py:526} INFO - at org.apache.spark.rdd.RDD.iterator(RDD.scala:331)
[2025-03-20T12:22:24.489+0000] {spark_submit.py:526} INFO - at org.apache.spark.api.python.PairwiseRDD.compute(PythonRDD.scala:130)
[2025-03-20T12:22:24.489+0000] {spark_submit.py:526} INFO - at org.apache.spark.rdd.RDD.computeOrReadCheckpoint(RDD.scala:367)
[2025-03-20T12:22:24.490+0000] {spark_submit.py:526} INFO - at org.apache.spark.rdd.RDD.iterator(RDD.scala:331)
[2025-03-20T12:22:24.490+0000] {spark_submit.py:526} INFO - at org.apache.spark.shuffle.ShuffleWriteProcessor.write(ShuffleWriteProcessor.scala:59)
[2025-03-20T12:22:24.491+0000] {spark_submit.py:526} INFO - at org.apache.spark.scheduler.ShuffleMapTask.runTask(ShuffleMapTask.scala:104)
[2025-03-20T12:22:24.491+0000] {spark_submit.py:526} INFO - at org.apache.spark.scheduler.ShuffleMapTask.runTask(ShuffleMapTask.scala:54)
[2025-03-20T12:22:24.492+0000] {spark_submit.py:526} INFO - at org.apache.spark.TaskContext.runTaskWithListeners(TaskContext.scala:166)
[2025-03-20T12:22:24.492+0000] {spark_submit.py:526} INFO - at org.apache.spark.scheduler.Task.run(Task.scala:141)
[2025-03-20T12:22:24.493+0000] {spark_submit.py:526} INFO - at org.apache.spark.executor.Executor$TaskRunner.$anonfun$run$4(Executor.scala:620)
[2025-03-20T12:22:24.493+0000] {spark_submit.py:526} INFO - at org.apache.spark.util.SparkErrorUtils.tryWithSafeFinally(SparkErrorUtils.scala:64)
[2025-03-20T12:22:24.494+0000] {spark_submit.py:526} INFO - at org.apache.spark.util.SparkErrorUtils.tryWithSafeFinally$(SparkErrorUtils.scala:61)
[2025-03-20T12:22:24.494+0000] {spark_submit.py:526} INFO - at org.apache.spark.util.Utils$.tryWithSafeFinally(Utils.scala:94)
[2025-03-20T12:22:24.495+0000] {spark_submit.py:526} INFO - at org.apache.spark.executor.Executor$TaskRunner.run(Executor.scala:623)
[2025-03-20T12:22:24.495+0000] {spark_submit.py:526} INFO - at java.base/java.util.concurrent.ThreadPoolExecutor.runWorker(Unknown Source)
[2025-03-20T12:22:24.496+0000] {spark_submit.py:526} INFO - at java.base/java.util.concurrent.ThreadPoolExecutor$Worker.run(Unknown Source)
[2025-03-20T12:22:24.496+0000] {spark_submit.py:526} INFO - at java.base/java.lang.Thread.run(Unknown Source)
[2025-03-20T12:22:24.497+0000] {spark_submit.py:526} INFO - 
[2025-03-20T12:22:24.497+0000] {spark_submit.py:526} INFO - Driver stacktrace:
[2025-03-20T12:22:24.498+0000] {spark_submit.py:526} INFO - 25/03/20 12:22:24 INFO DAGScheduler: Job 0 failed: collect at /opt/***/spark/custom_spark.py:22, took 3.369913 s
[2025-03-20T12:22:24.626+0000] {spark_submit.py:526} INFO - Error occurred: An error occurred while calling z:org.apache.spark.api.python.PythonRDD.collectAndServe.
[2025-03-20T12:22:24.627+0000] {spark_submit.py:526} INFO - : org.apache.spark.SparkException: Job aborted due to stage failure: Task 0 in stage 0.0 failed 4 times, most recent failure: Lost task 0.3 in stage 0.0 (TID 7) (172.18.0.6 executor 0): java.io.FileNotFoundException: File file:/tmp/spark-ac67be02-b254-4f27-b422-4ac646a53aa1/userFiles-a4bc30bc-98dc-4381-8132-ea3969246ee0/Bible.txt does not exist
[2025-03-20T12:22:24.628+0000] {spark_submit.py:526} INFO - at org.apache.hadoop.fs.RawLocalFileSystem.deprecatedGetFileStatus(RawLocalFileSystem.java:779)
[2025-03-20T12:22:24.628+0000] {spark_submit.py:526} INFO - at org.apache.hadoop.fs.RawLocalFileSystem.getFileLinkStatusInternal(RawLocalFileSystem.java:1100)
[2025-03-20T12:22:24.629+0000] {spark_submit.py:526} INFO - at org.apache.hadoop.fs.RawLocalFileSystem.getFileStatus(RawLocalFileSystem.java:769)
[2025-03-20T12:22:24.629+0000] {spark_submit.py:526} INFO - at org.apache.hadoop.fs.FilterFileSystem.getFileStatus(FilterFileSystem.java:462)
[2025-03-20T12:22:24.630+0000] {spark_submit.py:526} INFO - at org.apache.hadoop.fs.ChecksumFileSystem$ChecksumFSInputChecker.<init>(ChecksumFileSystem.java:160)
[2025-03-20T12:22:24.630+0000] {spark_submit.py:526} INFO - at org.apache.hadoop.fs.ChecksumFileSystem.open(ChecksumFileSystem.java:372)
[2025-03-20T12:22:24.631+0000] {spark_submit.py:526} INFO - at org.apache.hadoop.fs.ChecksumFileSystem.lambda$openFileWithOptions$0(ChecksumFileSystem.java:896)
[2025-03-20T12:22:24.631+0000] {spark_submit.py:526} INFO - at org.apache.hadoop.util.LambdaUtils.eval(LambdaUtils.java:52)
[2025-03-20T12:22:24.632+0000] {spark_submit.py:526} INFO - at org.apache.hadoop.fs.ChecksumFileSystem.openFileWithOptions(ChecksumFileSystem.java:894)
[2025-03-20T12:22:24.632+0000] {spark_submit.py:526} INFO - at org.apache.hadoop.fs.FileSystem$FSDataInputStreamBuilder.build(FileSystem.java:4768)
[2025-03-20T12:22:24.633+0000] {spark_submit.py:526} INFO - at org.apache.hadoop.mapred.LineRecordReader.<init>(LineRecordReader.java:115)
[2025-03-20T12:22:24.633+0000] {spark_submit.py:526} INFO - at org.apache.hadoop.mapred.TextInputFormat.getRecordReader(TextInputFormat.java:67)
[2025-03-20T12:22:24.634+0000] {spark_submit.py:526} INFO - at org.apache.spark.rdd.HadoopRDD$$anon$1.liftedTree1$1(HadoopRDD.scala:290)
[2025-03-20T12:22:24.634+0000] {spark_submit.py:526} INFO - at org.apache.spark.rdd.HadoopRDD$$anon$1.<init>(HadoopRDD.scala:289)
[2025-03-20T12:22:24.635+0000] {spark_submit.py:526} INFO - at org.apache.spark.rdd.HadoopRDD.compute(HadoopRDD.scala:247)
[2025-03-20T12:22:24.635+0000] {spark_submit.py:526} INFO - at org.apache.spark.rdd.HadoopRDD.compute(HadoopRDD.scala:99)
[2025-03-20T12:22:24.636+0000] {spark_submit.py:526} INFO - at org.apache.spark.rdd.RDD.computeOrReadCheckpoint(RDD.scala:367)
[2025-03-20T12:22:24.636+0000] {spark_submit.py:526} INFO - at org.apache.spark.rdd.RDD.iterator(RDD.scala:331)
[2025-03-20T12:22:24.637+0000] {spark_submit.py:526} INFO - at org.apache.spark.rdd.MapPartitionsRDD.compute(MapPartitionsRDD.scala:52)
[2025-03-20T12:22:24.637+0000] {spark_submit.py:526} INFO - at org.apache.spark.rdd.RDD.computeOrReadCheckpoint(RDD.scala:367)
[2025-03-20T12:22:24.638+0000] {spark_submit.py:526} INFO - at org.apache.spark.rdd.RDD.iterator(RDD.scala:331)
[2025-03-20T12:22:24.638+0000] {spark_submit.py:526} INFO - at org.apache.spark.api.python.PythonRDD.compute(PythonRDD.scala:67)
[2025-03-20T12:22:24.639+0000] {spark_submit.py:526} INFO - at org.apache.spark.rdd.RDD.computeOrReadCheckpoint(RDD.scala:367)
[2025-03-20T12:22:24.639+0000] {spark_submit.py:526} INFO - at org.apache.spark.rdd.RDD.iterator(RDD.scala:331)
[2025-03-20T12:22:24.640+0000] {spark_submit.py:526} INFO - at org.apache.spark.api.python.PairwiseRDD.compute(PythonRDD.scala:130)
[2025-03-20T12:22:24.640+0000] {spark_submit.py:526} INFO - at org.apache.spark.rdd.RDD.computeOrReadCheckpoint(RDD.scala:367)
[2025-03-20T12:22:24.641+0000] {spark_submit.py:526} INFO - at org.apache.spark.rdd.RDD.iterator(RDD.scala:331)
[2025-03-20T12:22:24.641+0000] {spark_submit.py:526} INFO - at org.apache.spark.shuffle.ShuffleWriteProcessor.write(ShuffleWriteProcessor.scala:59)
[2025-03-20T12:22:24.642+0000] {spark_submit.py:526} INFO - at org.apache.spark.scheduler.ShuffleMapTask.runTask(ShuffleMapTask.scala:104)
[2025-03-20T12:22:24.643+0000] {spark_submit.py:526} INFO - at org.apache.spark.scheduler.ShuffleMapTask.runTask(ShuffleMapTask.scala:54)
[2025-03-20T12:22:24.643+0000] {spark_submit.py:526} INFO - at org.apache.spark.TaskContext.runTaskWithListeners(TaskContext.scala:166)
[2025-03-20T12:22:24.644+0000] {spark_submit.py:526} INFO - at org.apache.spark.scheduler.Task.run(Task.scala:141)
[2025-03-20T12:22:24.644+0000] {spark_submit.py:526} INFO - at org.apache.spark.executor.Executor$TaskRunner.$anonfun$run$4(Executor.scala:620)
[2025-03-20T12:22:24.645+0000] {spark_submit.py:526} INFO - at org.apache.spark.util.SparkErrorUtils.tryWithSafeFinally(SparkErrorUtils.scala:64)
[2025-03-20T12:22:24.645+0000] {spark_submit.py:526} INFO - at org.apache.spark.util.SparkErrorUtils.tryWithSafeFinally$(SparkErrorUtils.scala:61)
[2025-03-20T12:22:24.646+0000] {spark_submit.py:526} INFO - at org.apache.spark.util.Utils$.tryWithSafeFinally(Utils.scala:94)
[2025-03-20T12:22:24.646+0000] {spark_submit.py:526} INFO - at org.apache.spark.executor.Executor$TaskRunner.run(Executor.scala:623)
[2025-03-20T12:22:24.647+0000] {spark_submit.py:526} INFO - at java.base/java.util.concurrent.ThreadPoolExecutor.runWorker(Unknown Source)
[2025-03-20T12:22:24.647+0000] {spark_submit.py:526} INFO - at java.base/java.util.concurrent.ThreadPoolExecutor$Worker.run(Unknown Source)
[2025-03-20T12:22:24.648+0000] {spark_submit.py:526} INFO - at java.base/java.lang.Thread.run(Unknown Source)
[2025-03-20T12:22:24.649+0000] {spark_submit.py:526} INFO - 
[2025-03-20T12:22:24.649+0000] {spark_submit.py:526} INFO - Driver stacktrace:
[2025-03-20T12:22:24.650+0000] {spark_submit.py:526} INFO - at org.apache.spark.scheduler.DAGScheduler.failJobAndIndependentStages(DAGScheduler.scala:2856)
[2025-03-20T12:22:24.650+0000] {spark_submit.py:526} INFO - at org.apache.spark.scheduler.DAGScheduler.$anonfun$abortStage$2(DAGScheduler.scala:2792)
[2025-03-20T12:22:24.651+0000] {spark_submit.py:526} INFO - at org.apache.spark.scheduler.DAGScheduler.$anonfun$abortStage$2$adapted(DAGScheduler.scala:2791)
[2025-03-20T12:22:24.651+0000] {spark_submit.py:526} INFO - at scala.collection.mutable.ResizableArray.foreach(ResizableArray.scala:62)
[2025-03-20T12:22:24.652+0000] {spark_submit.py:526} INFO - at scala.collection.mutable.ResizableArray.foreach$(ResizableArray.scala:55)
[2025-03-20T12:22:24.652+0000] {spark_submit.py:526} INFO - at scala.collection.mutable.ArrayBuffer.foreach(ArrayBuffer.scala:49)
[2025-03-20T12:22:24.653+0000] {spark_submit.py:526} INFO - at org.apache.spark.scheduler.DAGScheduler.abortStage(DAGScheduler.scala:2791)
[2025-03-20T12:22:24.653+0000] {spark_submit.py:526} INFO - at org.apache.spark.scheduler.DAGScheduler.$anonfun$handleTaskSetFailed$1(DAGScheduler.scala:1247)
[2025-03-20T12:22:24.654+0000] {spark_submit.py:526} INFO - at org.apache.spark.scheduler.DAGScheduler.$anonfun$handleTaskSetFailed$1$adapted(DAGScheduler.scala:1247)
[2025-03-20T12:22:24.654+0000] {spark_submit.py:526} INFO - at scala.Option.foreach(Option.scala:407)
[2025-03-20T12:22:24.655+0000] {spark_submit.py:526} INFO - at org.apache.spark.scheduler.DAGScheduler.handleTaskSetFailed(DAGScheduler.scala:1247)
[2025-03-20T12:22:24.656+0000] {spark_submit.py:526} INFO - at org.apache.spark.scheduler.DAGSchedulerEventProcessLoop.doOnReceive(DAGScheduler.scala:3060)
[2025-03-20T12:22:24.656+0000] {spark_submit.py:526} INFO - at org.apache.spark.scheduler.DAGSchedulerEventProcessLoop.onReceive(DAGScheduler.scala:2994)
[2025-03-20T12:22:24.657+0000] {spark_submit.py:526} INFO - at org.apache.spark.scheduler.DAGSchedulerEventProcessLoop.onReceive(DAGScheduler.scala:2983)
[2025-03-20T12:22:24.658+0000] {spark_submit.py:526} INFO - at org.apache.spark.util.EventLoop$$anon$1.run(EventLoop.scala:49)
[2025-03-20T12:22:24.659+0000] {spark_submit.py:526} INFO - at org.apache.spark.scheduler.DAGScheduler.runJob(DAGScheduler.scala:989)
[2025-03-20T12:22:24.659+0000] {spark_submit.py:526} INFO - at org.apache.spark.SparkContext.runJob(SparkContext.scala:2393)
[2025-03-20T12:22:24.660+0000] {spark_submit.py:526} INFO - at org.apache.spark.SparkContext.runJob(SparkContext.scala:2414)
[2025-03-20T12:22:24.661+0000] {spark_submit.py:526} INFO - at org.apache.spark.SparkContext.runJob(SparkContext.scala:2433)
[2025-03-20T12:22:24.661+0000] {spark_submit.py:526} INFO - at org.apache.spark.SparkContext.runJob(SparkContext.scala:2458)
[2025-03-20T12:22:24.662+0000] {spark_submit.py:526} INFO - at org.apache.spark.rdd.RDD.$anonfun$collect$1(RDD.scala:1049)
[2025-03-20T12:22:24.662+0000] {spark_submit.py:526} INFO - at org.apache.spark.rdd.RDDOperationScope$.withScope(RDDOperationScope.scala:151)
[2025-03-20T12:22:24.663+0000] {spark_submit.py:526} INFO - at org.apache.spark.rdd.RDDOperationScope$.withScope(RDDOperationScope.scala:112)
[2025-03-20T12:22:24.663+0000] {spark_submit.py:526} INFO - at org.apache.spark.rdd.RDD.withScope(RDD.scala:410)
[2025-03-20T12:22:24.664+0000] {spark_submit.py:526} INFO - at org.apache.spark.rdd.RDD.collect(RDD.scala:1048)
[2025-03-20T12:22:24.664+0000] {spark_submit.py:526} INFO - at org.apache.spark.api.python.PythonRDD$.collectAndServe(PythonRDD.scala:195)
[2025-03-20T12:22:24.665+0000] {spark_submit.py:526} INFO - at org.apache.spark.api.python.PythonRDD.collectAndServe(PythonRDD.scala)
[2025-03-20T12:22:24.666+0000] {spark_submit.py:526} INFO - at java.base/jdk.internal.reflect.NativeMethodAccessorImpl.invoke0(Native Method)
[2025-03-20T12:22:24.666+0000] {spark_submit.py:526} INFO - at java.base/jdk.internal.reflect.NativeMethodAccessorImpl.invoke(NativeMethodAccessorImpl.java:62)
[2025-03-20T12:22:24.667+0000] {spark_submit.py:526} INFO - at java.base/jdk.internal.reflect.DelegatingMethodAccessorImpl.invoke(DelegatingMethodAccessorImpl.java:43)
[2025-03-20T12:22:24.667+0000] {spark_submit.py:526} INFO - at java.base/java.lang.reflect.Method.invoke(Method.java:566)
[2025-03-20T12:22:24.668+0000] {spark_submit.py:526} INFO - at py4j.reflection.MethodInvoker.invoke(MethodInvoker.java:244)
[2025-03-20T12:22:24.668+0000] {spark_submit.py:526} INFO - at py4j.reflection.ReflectionEngine.invoke(ReflectionEngine.java:374)
[2025-03-20T12:22:24.669+0000] {spark_submit.py:526} INFO - at py4j.Gateway.invoke(Gateway.java:282)
[2025-03-20T12:22:24.670+0000] {spark_submit.py:526} INFO - at py4j.commands.AbstractCommand.invokeMethod(AbstractCommand.java:132)
[2025-03-20T12:22:24.670+0000] {spark_submit.py:526} INFO - at py4j.commands.CallCommand.execute(CallCommand.java:79)
[2025-03-20T12:22:24.671+0000] {spark_submit.py:526} INFO - at py4j.ClientServerConnection.waitForCommands(ClientServerConnection.java:182)
[2025-03-20T12:22:24.671+0000] {spark_submit.py:526} INFO - at py4j.ClientServerConnection.run(ClientServerConnection.java:106)
[2025-03-20T12:22:24.672+0000] {spark_submit.py:526} INFO - at java.base/java.lang.Thread.run(Thread.java:829)
[2025-03-20T12:22:24.672+0000] {spark_submit.py:526} INFO - Caused by: java.io.FileNotFoundException: File file:/tmp/spark-ac67be02-b254-4f27-b422-4ac646a53aa1/userFiles-a4bc30bc-98dc-4381-8132-ea3969246ee0/Bible.txt does not exist
[2025-03-20T12:22:24.673+0000] {spark_submit.py:526} INFO - at org.apache.hadoop.fs.RawLocalFileSystem.deprecatedGetFileStatus(RawLocalFileSystem.java:779)
[2025-03-20T12:22:24.673+0000] {spark_submit.py:526} INFO - at org.apache.hadoop.fs.RawLocalFileSystem.getFileLinkStatusInternal(RawLocalFileSystem.java:1100)
[2025-03-20T12:22:24.674+0000] {spark_submit.py:526} INFO - at org.apache.hadoop.fs.RawLocalFileSystem.getFileStatus(RawLocalFileSystem.java:769)
[2025-03-20T12:22:24.674+0000] {spark_submit.py:526} INFO - at org.apache.hadoop.fs.FilterFileSystem.getFileStatus(FilterFileSystem.java:462)
[2025-03-20T12:22:24.675+0000] {spark_submit.py:526} INFO - at org.apache.hadoop.fs.ChecksumFileSystem$ChecksumFSInputChecker.<init>(ChecksumFileSystem.java:160)
[2025-03-20T12:22:24.675+0000] {spark_submit.py:526} INFO - at org.apache.hadoop.fs.ChecksumFileSystem.open(ChecksumFileSystem.java:372)
[2025-03-20T12:22:24.676+0000] {spark_submit.py:526} INFO - at org.apache.hadoop.fs.ChecksumFileSystem.lambda$openFileWithOptions$0(ChecksumFileSystem.java:896)
[2025-03-20T12:22:24.677+0000] {spark_submit.py:526} INFO - at org.apache.hadoop.util.LambdaUtils.eval(LambdaUtils.java:52)
[2025-03-20T12:22:24.677+0000] {spark_submit.py:526} INFO - at org.apache.hadoop.fs.ChecksumFileSystem.openFileWithOptions(ChecksumFileSystem.java:894)
[2025-03-20T12:22:24.678+0000] {spark_submit.py:526} INFO - at org.apache.hadoop.fs.FileSystem$FSDataInputStreamBuilder.build(FileSystem.java:4768)
[2025-03-20T12:22:24.678+0000] {spark_submit.py:526} INFO - at org.apache.hadoop.mapred.LineRecordReader.<init>(LineRecordReader.java:115)
[2025-03-20T12:22:24.679+0000] {spark_submit.py:526} INFO - at org.apache.hadoop.mapred.TextInputFormat.getRecordReader(TextInputFormat.java:67)
[2025-03-20T12:22:24.679+0000] {spark_submit.py:526} INFO - at org.apache.spark.rdd.HadoopRDD$$anon$1.liftedTree1$1(HadoopRDD.scala:290)
[2025-03-20T12:22:24.680+0000] {spark_submit.py:526} INFO - at org.apache.spark.rdd.HadoopRDD$$anon$1.<init>(HadoopRDD.scala:289)
[2025-03-20T12:22:24.680+0000] {spark_submit.py:526} INFO - at org.apache.spark.rdd.HadoopRDD.compute(HadoopRDD.scala:247)
[2025-03-20T12:22:24.681+0000] {spark_submit.py:526} INFO - at org.apache.spark.rdd.HadoopRDD.compute(HadoopRDD.scala:99)
[2025-03-20T12:22:24.681+0000] {spark_submit.py:526} INFO - at org.apache.spark.rdd.RDD.computeOrReadCheckpoint(RDD.scala:367)
[2025-03-20T12:22:24.682+0000] {spark_submit.py:526} INFO - at org.apache.spark.rdd.RDD.iterator(RDD.scala:331)
[2025-03-20T12:22:24.682+0000] {spark_submit.py:526} INFO - at org.apache.spark.rdd.MapPartitionsRDD.compute(MapPartitionsRDD.scala:52)
[2025-03-20T12:22:24.683+0000] {spark_submit.py:526} INFO - at org.apache.spark.rdd.RDD.computeOrReadCheckpoint(RDD.scala:367)
[2025-03-20T12:22:24.683+0000] {spark_submit.py:526} INFO - at org.apache.spark.rdd.RDD.iterator(RDD.scala:331)
[2025-03-20T12:22:24.684+0000] {spark_submit.py:526} INFO - at org.apache.spark.api.python.PythonRDD.compute(PythonRDD.scala:67)
[2025-03-20T12:22:24.684+0000] {spark_submit.py:526} INFO - at org.apache.spark.rdd.RDD.computeOrReadCheckpoint(RDD.scala:367)
[2025-03-20T12:22:24.685+0000] {spark_submit.py:526} INFO - at org.apache.spark.rdd.RDD.iterator(RDD.scala:331)
[2025-03-20T12:22:24.686+0000] {spark_submit.py:526} INFO - at org.apache.spark.api.python.PairwiseRDD.compute(PythonRDD.scala:130)
[2025-03-20T12:22:24.686+0000] {spark_submit.py:526} INFO - at org.apache.spark.rdd.RDD.computeOrReadCheckpoint(RDD.scala:367)
[2025-03-20T12:22:24.687+0000] {spark_submit.py:526} INFO - at org.apache.spark.rdd.RDD.iterator(RDD.scala:331)
[2025-03-20T12:22:24.687+0000] {spark_submit.py:526} INFO - at org.apache.spark.shuffle.ShuffleWriteProcessor.write(ShuffleWriteProcessor.scala:59)
[2025-03-20T12:22:24.688+0000] {spark_submit.py:526} INFO - at org.apache.spark.scheduler.ShuffleMapTask.runTask(ShuffleMapTask.scala:104)
[2025-03-20T12:22:24.690+0000] {spark_submit.py:526} INFO - at org.apache.spark.scheduler.ShuffleMapTask.runTask(ShuffleMapTask.scala:54)
[2025-03-20T12:22:24.691+0000] {spark_submit.py:526} INFO - at org.apache.spark.TaskContext.runTaskWithListeners(TaskContext.scala:166)
[2025-03-20T12:22:24.692+0000] {spark_submit.py:526} INFO - at org.apache.spark.scheduler.Task.run(Task.scala:141)
[2025-03-20T12:22:24.692+0000] {spark_submit.py:526} INFO - at org.apache.spark.executor.Executor$TaskRunner.$anonfun$run$4(Executor.scala:620)
[2025-03-20T12:22:24.693+0000] {spark_submit.py:526} INFO - at org.apache.spark.util.SparkErrorUtils.tryWithSafeFinally(SparkErrorUtils.scala:64)
[2025-03-20T12:22:24.694+0000] {spark_submit.py:526} INFO - at org.apache.spark.util.SparkErrorUtils.tryWithSafeFinally$(SparkErrorUtils.scala:61)
[2025-03-20T12:22:24.695+0000] {spark_submit.py:526} INFO - at org.apache.spark.util.Utils$.tryWithSafeFinally(Utils.scala:94)
[2025-03-20T12:22:24.695+0000] {spark_submit.py:526} INFO - at org.apache.spark.executor.Executor$TaskRunner.run(Executor.scala:623)
[2025-03-20T12:22:24.697+0000] {spark_submit.py:526} INFO - at java.base/java.util.concurrent.ThreadPoolExecutor.runWorker(Unknown Source)
[2025-03-20T12:22:24.698+0000] {spark_submit.py:526} INFO - at java.base/java.util.concurrent.ThreadPoolExecutor$Worker.run(Unknown Source)
[2025-03-20T12:22:24.699+0000] {spark_submit.py:526} INFO - at java.base/java.lang.Thread.run(Unknown Source)
[2025-03-20T12:22:24.699+0000] {spark_submit.py:526} INFO - 
[2025-03-20T12:22:24.700+0000] {spark_submit.py:526} INFO - 25/03/20 12:22:24 INFO SparkContext: SparkContext is stopping with exitCode 0.
[2025-03-20T12:22:24.701+0000] {spark_submit.py:526} INFO - 25/03/20 12:22:24 INFO SparkUI: Stopped Spark web UI at http://0707445b3961:4040
[2025-03-20T12:22:24.701+0000] {spark_submit.py:526} INFO - 25/03/20 12:22:24 INFO StandaloneSchedulerBackend: Shutting down all executors
[2025-03-20T12:22:24.702+0000] {spark_submit.py:526} INFO - 25/03/20 12:22:24 INFO StandaloneSchedulerBackend$StandaloneDriverEndpoint: Asking each executor to shut down
[2025-03-20T12:22:24.703+0000] {spark_submit.py:526} INFO - 25/03/20 12:22:24 INFO MapOutputTrackerMasterEndpoint: MapOutputTrackerMasterEndpoint stopped!
[2025-03-20T12:22:24.703+0000] {spark_submit.py:526} INFO - 25/03/20 12:22:24 INFO MemoryStore: MemoryStore cleared
[2025-03-20T12:22:24.704+0000] {spark_submit.py:526} INFO - 25/03/20 12:22:24 INFO BlockManager: BlockManager stopped
[2025-03-20T12:22:24.706+0000] {spark_submit.py:526} INFO - 25/03/20 12:22:24 INFO BlockManagerMaster: BlockManagerMaster stopped
[2025-03-20T12:22:24.710+0000] {spark_submit.py:526} INFO - 25/03/20 12:22:24 INFO OutputCommitCoordinator$OutputCommitCoordinatorEndpoint: OutputCommitCoordinator stopped!
[2025-03-20T12:22:24.730+0000] {spark_submit.py:526} INFO - 25/03/20 12:22:24 INFO SparkContext: Successfully stopped SparkContext
[2025-03-20T12:22:25.091+0000] {spark_submit.py:526} INFO - 25/03/20 12:22:25 INFO ShutdownHookManager: Shutdown hook called
[2025-03-20T12:22:25.092+0000] {spark_submit.py:526} INFO - 25/03/20 12:22:25 INFO ShutdownHookManager: Deleting directory /tmp/spark-4c0b01db-a17a-4396-8c2a-e683e2815b96
[2025-03-20T12:22:25.097+0000] {spark_submit.py:526} INFO - 25/03/20 12:22:25 INFO ShutdownHookManager: Deleting directory /tmp/spark-ac67be02-b254-4f27-b422-4ac646a53aa1
[2025-03-20T12:22:25.101+0000] {spark_submit.py:526} INFO - 25/03/20 12:22:25 INFO ShutdownHookManager: Deleting directory /tmp/spark-ac67be02-b254-4f27-b422-4ac646a53aa1/pyspark-b09fdaf9-53c8-449d-9a75-b7c5ef717213
[2025-03-20T12:22:25.160+0000] {taskinstance.py:1398} INFO - Marking task as SUCCESS. dag_id=my_dag, task_id=custom_spark, execution_date=20250320T122212, start_date=20250320T122214, end_date=20250320T122225
[2025-03-20T12:22:25.218+0000] {local_task_job_runner.py:228} INFO - Task exited with return code 0
[2025-03-20T12:22:25.236+0000] {taskinstance.py:2776} INFO - 0 downstream tasks scheduled from follow-on schedule check
